Started GET "/" for 127.0.0.1 at 2019-01-11 19:59:37 +0700
Processing by Rails::WelcomeController#index as HTML
  Rendering /home/pr1805-duynn/.rvm/gems/ruby-2.4.2/gems/railties-5.2.2/lib/rails/templates/rails/welcome/index.html.erb
  Rendered /home/pr1805-duynn/.rvm/gems/ruby-2.4.2/gems/railties-5.2.2/lib/rails/templates/rails/welcome/index.html.erb (1.9ms)
Completed 200 OK in 14ms (Views: 6.7ms | ActiveRecord: 0.0ms)


  [1m[35m (0.1ms)[0m  [1m[34mSELECT sqlite_version(*)[0m
  ↳ bin/rails:9
  [1m[35m (9.5ms)[0m  [1m[35mCREATE TABLE "schema_migrations" ("version" varchar NOT NULL PRIMARY KEY)[0m
  ↳ bin/rails:9
  [1m[35m (5.2ms)[0m  [1m[35mCREATE TABLE "ar_internal_metadata" ("key" varchar NOT NULL PRIMARY KEY, "value" varchar, "created_at" datetime NOT NULL, "updated_at" datetime NOT NULL)[0m
  ↳ bin/rails:9
  [1m[35m (0.1ms)[0m  [1m[34mSELECT "schema_migrations"."version" FROM "schema_migrations" ORDER BY "schema_migrations"."version" ASC[0m
  ↳ bin/rails:9
Migrating to CreateStories (20190111130301)
  [1m[35m (0.0ms)[0m  [1m[36mbegin transaction[0m
  ↳ bin/rails:9
  [1m[35m (1.0ms)[0m  [1m[35mCREATE TABLE "stories" ("id" integer PRIMARY KEY AUTOINCREMENT NOT NULL, "title" text, "content" text, "created_at" datetime NOT NULL, "updated_at" datetime NOT NULL)[0m
  ↳ db/migrate/20190111130301_create_stories.rb:3
  [1m[36mActiveRecord::SchemaMigration Create (0.1ms)[0m  [1m[32mINSERT INTO "schema_migrations" ("version") VALUES (?)[0m  [["version", "20190111130301"]]
  ↳ bin/rails:9
  [1m[35m (4.8ms)[0m  [1m[36mcommit transaction[0m
  ↳ bin/rails:9
  [1m[36mActiveRecord::InternalMetadata Load (0.1ms)[0m  [1m[34mSELECT  "ar_internal_metadata".* FROM "ar_internal_metadata" WHERE "ar_internal_metadata"."key" = ? LIMIT ?[0m  [["key", "environment"], ["LIMIT", 1]]
  ↳ bin/rails:9
  [1m[35m (0.0ms)[0m  [1m[36mbegin transaction[0m
  ↳ bin/rails:9
  [1m[36mActiveRecord::InternalMetadata Create (0.4ms)[0m  [1m[32mINSERT INTO "ar_internal_metadata" ("key", "value", "created_at", "updated_at") VALUES (?, ?, ?, ?)[0m  [["key", "environment"], ["value", "development"], ["created_at", "2019-01-11 13:03:09.245711"], ["updated_at", "2019-01-11 13:03:09.245711"]]
  ↳ bin/rails:9
  [1m[35m (5.7ms)[0m  [1m[36mcommit transaction[0m
  ↳ bin/rails:9
  [1m[35m (0.1ms)[0m  [1m[34mSELECT "schema_migrations"."version" FROM "schema_migrations" ORDER BY "schema_migrations"."version" ASC[0m
  ↳ bin/rails:9
Started GET "/" for 127.0.0.1 at 2019-01-11 20:05:24 +0700
  [1m[35m (0.1ms)[0m  [1m[34mSELECT "schema_migrations"."version" FROM "schema_migrations" ORDER BY "schema_migrations"."version" ASC[0m
  ↳ /home/pr1805-duynn/.rvm/gems/ruby-2.4.2/gems/activerecord-5.2.2/lib/active_record/log_subscriber.rb:98
Processing by StoriesController#home as HTML
  Rendering stories/home.html.erb within layouts/application
  Rendered stories/home.html.erb within layouts/application (0.3ms)
Completed 200 OK in 492ms (Views: 490.0ms | ActiveRecord: 0.0ms)


Started GET "/" for 127.0.0.1 at 2019-01-11 20:07:59 +0700
Processing by StoriesController#home as HTML
  Rendering stories/home.html.erb within layouts/application
  Rendered stories/home.html.erb within layouts/application (0.3ms)
Completed 200 OK in 10ms (Views: 9.1ms | ActiveRecord: 0.0ms)


Started GET "/" for 127.0.0.1 at 2019-01-11 20:09:28 +0700
Processing by StoriesController#home as HTML
  Rendering stories/home.html.erb within layouts/application
  Rendered stories/home.html.erb within layouts/application (0.3ms)
Completed 200 OK in 10ms (Views: 9.4ms | ActiveRecord: 0.0ms)


Started GET "/" for 127.0.0.1 at 2019-01-11 20:12:16 +0700
Processing by StoriesController#home as HTML
  Rendering stories/home.html.erb within layouts/application
  Rendered stories/home.html.erb within layouts/application (0.3ms)
Completed 200 OK in 10ms (Views: 8.8ms | ActiveRecord: 0.0ms)


Started GET "/" for 127.0.0.1 at 2019-01-11 20:12:31 +0700
Processing by StoriesController#home as HTML
  Rendering stories/home.html.erb within layouts/application
  Rendered stories/home.html.erb within layouts/application (0.3ms)
Completed 200 OK in 13ms (Views: 12.0ms | ActiveRecord: 0.0ms)


